4.2.2023, 17:26:01 - INFO - Server is running on port: 3030 
4.2.2023, 17:26:43 - WARN - Not Authenticated 
4.2.2023, 17:26:43 - WARN - Not Authenticated 
4.2.2023, 17:26:43 - INFO - New connected socket [id: GUZzINc18cSp-AMxAAAB] 
4.2.2023, 17:26:56 - INFO - Socket disconnected [id: undefined] 
4.2.2023, 17:26:57 - WARN - Not Authenticated 
4.2.2023, 17:26:57 - WARN - Not Authenticated 
4.2.2023, 17:26:57 - WARN - Not Authenticated 
4.2.2023, 17:26:57 - INFO - New connected socket [id: XLr2CRdM6gnNQSxOAAAD] 
4.2.2023, 17:27:19 - INFO - Socket disconnected [id: undefined] 
4.2.2023, 17:27:20 - INFO - New connected socket [id: _sOnREqrbQrrwOLrAAAF] 
4.2.2023, 17:27:29 - DEBUG - auth.service - login with username: tattookate 
4.2.2023, 17:27:29 - INFO - User login:  | {"id":4,"username":"tattookate","fullname":"tattookate","email":"tatookate@gmail.com","imgUrl":"http://res.cloudinary.com/dng9sfzqt/image/upload/v1675100789/ffr7frqf1edgdkud0rg9.png","gender":"","phone":"","bio":"tatto artist","website":"","followersSum":0,"followingSum":40,"postSum":6,"isDarkMode":false,"storySum":1,"currStoryId":null} | 88ed88a435d136c52723c041954c1892adedcfc09df3b20b814a8b76b699f404d21a2658929185078343ac705b2849f370e97d279ee985b30becb6316d9a315e7c042e481ed0bf70a63e44d1b0c642c55f120798cfef20b0b99f53cf9da43e2a63 
4.2.2023, 18:26:46 - INFO - Server is running on port: 3030 
4.2.2023, 18:26:48 - INFO - New connected socket [id: 0-940ySo11nWRc-pAAAB] 
4.2.2023, 18:26:56 - INFO - Server is running on port: 3030 
4.2.2023, 18:26:57 - INFO - New connected socket [id: vLbyGYJr8uiNm2b5AAAB] 
4.2.2023, 18:27:20 - INFO - Socket disconnected [id: undefined] 
4.2.2023, 18:27:31 - INFO - New connected socket [id: DS2_hPovw1Pp2Q7jAAAD] 
4.2.2023, 18:34:53 - INFO - Socket disconnected [id: undefined] 
4.2.2023, 18:34:54 - INFO - New connected socket [id: WurfpwHh40swkZGSAAAF] 
4.2.2023, 18:34:58 - INFO - Socket disconnected [id: undefined] 
4.2.2023, 18:35:01 - INFO - New connected socket [id: xGr_LbEUZedcxTVjAAAH] 
4.2.2023, 18:45:04 - INFO - Socket disconnected [id: undefined] 
4.2.2023, 18:45:05 - INFO - New connected socket [id: YLVDeJEDa8mXmR7oAAAJ] 
4.2.2023, 18:45:15 - INFO - Socket disconnected [id: undefined] 
4.2.2023, 18:45:15 - INFO - New connected socket [id: ucmAGTKzw5ZuzRPSAAAL] 
4.2.2023, 18:45:21 - INFO - Socket disconnected [id: undefined] 
4.2.2023, 18:45:22 - INFO - New connected socket [id: xdzvtiJ8eotoIxJiAAAN] 
4.2.2023, 18:46:09 - INFO - Socket disconnected [id: undefined] 
4.2.2023, 18:46:09 - INFO - New connected socket [id: S3w_DRZQR1eZcVVAAAAP] 
4.2.2023, 18:46:12 - INFO - Server is running on port: 3030 
4.2.2023, 18:46:13 - INFO - New connected socket [id: clwPrW1TEnxFOe7bAAAB] 
4.2.2023, 18:46:36 - INFO - Server is running on port: 3030 
4.2.2023, 18:46:36 - INFO - New connected socket [id: qIaqmAv390UM0HZ0AAAB] 
4.2.2023, 18:46:38 - INFO - Socket disconnected [id: undefined] 
4.2.2023, 18:46:39 - INFO - New connected socket [id: yooDbDGxIQ5aapRiAAAD] 
4.2.2023, 18:51:20 - INFO - Socket disconnected [id: undefined] 
4.2.2023, 18:51:21 - INFO - New connected socket [id: b9qZgfBRUTeMNEMtAAAF] 
4.2.2023, 18:53:25 - INFO - Socket disconnected [id: undefined] 
4.2.2023, 18:53:26 - INFO - New connected socket [id: m4c9da5TIAvowWT9AAAH] 
4.2.2023, 18:55:30 - INFO - Server is running on port: 3030 
4.2.2023, 18:55:30 - INFO - New connected socket [id: n3QOCBaXeQZZHV6EAAAB] 
4.2.2023, 19:39:41 - INFO - Socket disconnected [id: undefined] 
4.2.2023, 19:39:42 - INFO - New connected socket [id: rrOvvS914l_-4xzTAAAD] 
4.2.2023, 19:45:15 - INFO - Server is running on port: 3030 
4.2.2023, 19:45:16 - INFO - New connected socket [id: Z4yEcvFSfrfX9ftjAAAB] 
4.2.2023, 19:46:26 - ERROR - while finding user 0 | Failed to commit transaction: user with id #0 was not found (userId: 4)
4.2.2023, 19:46:26 - ERROR - Failed to get user | Failed to commit transaction: user with id #0 was not found (userId: 4)
4.2.2023, 19:46:43 - DEBUG - auth.service - signup with username: user, fullname: user (userId: 4)
4.2.2023, 19:46:43 - DEBUG - auth.route - new account created: "user" (userId: 4)
4.2.2023, 19:46:43 - DEBUG - auth.service - login with username: user (userId: 4)
4.2.2023, 19:46:43 - INFO - User login:  | {"id":11,"username":"user","fullname":"user","email":"user@gmail.com","imgUrl":"https://res.cloudinary.com/dng9sfzqt/image/upload/v1669376872/user_instagram_sd7aep.jpg","gender":"","phone":"","bio":"","website":"","followersSum":0,"followingSum":0,"postSum":0,"isDarkMode":false,"storySum":0,"currStoryId":null} (userId: 4)
4.2.2023, 19:46:43 - ERROR - cannot find comments | Error: SQLITE_ERROR: no such table: following 
4.2.2023, 19:46:43 - ERROR - Failed to get comments | Error: SQLITE_ERROR: no such table: following 
4.2.2023, 19:46:43 - ERROR - cannot find comments | Error: SQLITE_ERROR: no such table: following 
4.2.2023, 19:46:43 - ERROR - Failed to get comments | Error: SQLITE_ERROR: no such table: following 
4.2.2023, 19:46:43 - ERROR - cannot find comments | Error: SQLITE_ERROR: no such table: following 
4.2.2023, 19:46:43 - ERROR - Failed to get comments | Error: SQLITE_ERROR: no such table: following 
4.2.2023, 19:46:43 - ERROR - cannot find comments | Error: SQLITE_ERROR: no such table: following 
4.2.2023, 19:46:43 - ERROR - Failed to get comments | Error: SQLITE_ERROR: no such table: following 
4.2.2023, 19:46:43 - ERROR - cannot find comments | Error: SQLITE_ERROR: no such table: following 
4.2.2023, 19:46:43 - ERROR - Failed to get comments | Error: SQLITE_ERROR: no such table: following 
4.2.2023, 19:46:43 - ERROR - cannot find stories | Failed to commit transaction: Error: SQLITE_ERROR: no such table: following 
4.2.2023, 19:46:43 - ERROR - Failed to get stories | Failed to commit transaction: Error: SQLITE_ERROR: no such table: following 
4.2.2023, 19:46:43 - ERROR - cannot find comments | Error: SQLITE_ERROR: no such table: following 
4.2.2023, 19:46:43 - ERROR - Failed to get comments | Error: SQLITE_ERROR: no such table: following 
4.2.2023, 19:46:43 - ERROR - cannot find comments | Error: SQLITE_ERROR: no such table: following 
4.2.2023, 19:46:43 - ERROR - Failed to get comments | Error: SQLITE_ERROR: no such table: following 
4.2.2023, 19:46:43 - ERROR - cannot find comments | Error: SQLITE_ERROR: no such table: following 
4.2.2023, 19:46:43 - ERROR - Failed to get comments | Error: SQLITE_ERROR: no such table: following 
4.2.2023, 19:46:43 - ERROR - cannot find comments | Error: SQLITE_ERROR: no such table: following 
4.2.2023, 19:46:43 - ERROR - Failed to get comments | Error: SQLITE_ERROR: no such table: following 
4.2.2023, 19:46:43 - ERROR - cannot find comments | Error: SQLITE_ERROR: no such table: following 
4.2.2023, 19:46:43 - ERROR - Failed to get comments | Error: SQLITE_ERROR: no such table: following 
4.2.2023, 19:46:43 - ERROR - cannot find comments | Error: SQLITE_ERROR: no such table: following 
4.2.2023, 19:46:43 - ERROR - Failed to get comments | Error: SQLITE_ERROR: no such table: following 
4.2.2023, 19:46:43 - ERROR - cannot find comments | Error: SQLITE_ERROR: no such table: following 
4.2.2023, 19:46:43 - ERROR - Failed to get comments | Error: SQLITE_ERROR: no such table: following 
4.2.2023, 19:46:44 - ERROR - cannot find comments | Error: SQLITE_ERROR: no such table: following 
4.2.2023, 19:46:44 - ERROR - Failed to get comments | Error: SQLITE_ERROR: no such table: following 
4.2.2023, 19:46:44 - ERROR - cannot find comments | Error: SQLITE_ERROR: no such table: following 
4.2.2023, 19:46:44 - ERROR - Failed to get comments | Error: SQLITE_ERROR: no such table: following 
4.2.2023, 19:46:44 - ERROR - cannot find comments | Error: SQLITE_ERROR: no such table: following 
4.2.2023, 19:46:44 - ERROR - Failed to get comments | Error: SQLITE_ERROR: no such table: following 
4.2.2023, 19:46:44 - ERROR - cannot find comments | Error: SQLITE_ERROR: no such table: following 
4.2.2023, 19:46:44 - ERROR - Failed to get comments | Error: SQLITE_ERROR: no such table: following 
4.2.2023, 19:46:44 - ERROR - cannot find comments | Error: SQLITE_ERROR: no such table: following 
4.2.2023, 19:46:44 - ERROR - Failed to get comments | Error: SQLITE_ERROR: no such table: following 
4.2.2023, 19:46:44 - ERROR - cannot find comments | Error: SQLITE_ERROR: no such table: following 
4.2.2023, 19:46:44 - ERROR - Failed to get comments | Error: SQLITE_ERROR: no such table: following 
4.2.2023, 19:46:44 - ERROR - Failed to get comments | Error: SQLITE_ERROR: no such table: following 
4.2.2023, 19:46:44 - ERROR - cannot find comments | Error: SQLITE_ERROR: no such table: following 
4.2.2023, 19:46:44 - ERROR - cannot find comments | Error: SQLITE_ERROR: no such table: following 
4.2.2023, 19:46:44 - ERROR - Failed to get comments | Error: SQLITE_ERROR: no such table: following 
4.2.2023, 19:46:44 - ERROR - cannot find comments | Error: SQLITE_ERROR: no such table: following 
4.2.2023, 19:46:44 - ERROR - Failed to get comments | Error: SQLITE_ERROR: no such table: following 
4.2.2023, 19:46:44 - ERROR - cannot find comments | Error: SQLITE_ERROR: no such table: following 
4.2.2023, 19:46:44 - ERROR - Failed to get comments | Error: SQLITE_ERROR: no such table: following 
4.2.2023, 19:46:44 - ERROR - cannot find comments | Error: SQLITE_ERROR: no such table: following 
4.2.2023, 19:46:44 - ERROR - Failed to get comments | Error: SQLITE_ERROR: no such table: following 
4.2.2023, 19:46:44 - ERROR - cannot find comments | Error: SQLITE_ERROR: no such table: following 
4.2.2023, 19:46:44 - ERROR - Failed to get comments | Error: SQLITE_ERROR: no such table: following 
4.2.2023, 19:46:44 - ERROR - cannot find comments | Error: SQLITE_ERROR: no such table: following 
4.2.2023, 19:46:44 - ERROR - Failed to get comments | Error: SQLITE_ERROR: no such table: following 
4.2.2023, 19:46:44 - ERROR - cannot find comments | Error: SQLITE_ERROR: no such table: following 
4.2.2023, 19:46:44 - ERROR - Failed to get comments | Error: SQLITE_ERROR: no such table: following 
4.2.2023, 19:46:44 - ERROR - cannot find comments | Error: SQLITE_ERROR: no such table: following 
4.2.2023, 19:46:44 - ERROR - Failed to get comments | Error: SQLITE_ERROR: no such table: following 
4.2.2023, 19:46:44 - ERROR - cannot find comments | Error: SQLITE_ERROR: no such table: following 
4.2.2023, 19:46:44 - ERROR - Failed to get comments | Error: SQLITE_ERROR: no such table: following 
4.2.2023, 19:46:44 - ERROR - cannot find comments | Error: SQLITE_ERROR: no such table: following 
4.2.2023, 19:46:44 - ERROR - Failed to get comments | Error: SQLITE_ERROR: no such table: following 
4.2.2023, 19:46:44 - ERROR - Failed to get comments | Error: SQLITE_ERROR: no such table: following 
4.2.2023, 19:46:44 - ERROR - cannot find comments | Error: SQLITE_ERROR: no such table: following 
4.2.2023, 19:46:44 - ERROR - cannot find comments | Error: SQLITE_ERROR: no such table: following 
4.2.2023, 19:46:44 - ERROR - Failed to get comments | Error: SQLITE_ERROR: no such table: following 
4.2.2023, 19:46:44 - ERROR - cannot find comments | Error: SQLITE_ERROR: no such table: following 
4.2.2023, 19:46:44 - ERROR - Failed to get comments | Error: SQLITE_ERROR: no such table: following 
4.2.2023, 19:46:44 - ERROR - cannot find comments | Error: SQLITE_ERROR: no such table: following 
4.2.2023, 19:46:44 - ERROR - Failed to get comments | Error: SQLITE_ERROR: no such table: following 
4.2.2023, 19:46:44 - ERROR - cannot find comments | Error: SQLITE_ERROR: no such table: following 
4.2.2023, 19:46:44 - ERROR - Failed to get comments | Error: SQLITE_ERROR: no such table: following 
4.2.2023, 19:46:44 - ERROR - cannot find comments | Error: SQLITE_ERROR: no such table: following 
4.2.2023, 19:46:44 - ERROR - Failed to get comments | Error: SQLITE_ERROR: no such table: following 
4.2.2023, 19:46:44 - ERROR - cannot find comments | Error: SQLITE_ERROR: no such table: following 
4.2.2023, 19:46:44 - ERROR - Failed to get comments | Error: SQLITE_ERROR: no such table: following 
4.2.2023, 19:46:44 - ERROR - Failed to get comments | Error: SQLITE_ERROR: no such table: following 
4.2.2023, 19:46:44 - ERROR - cannot find comments | Error: SQLITE_ERROR: no such table: following 
4.2.2023, 19:46:44 - ERROR - Failed to get comments | Error: SQLITE_ERROR: no such table: following 
4.2.2023, 19:46:44 - ERROR - cannot find comments | Error: SQLITE_ERROR: no such table: following 
4.2.2023, 19:46:44 - ERROR - Failed to get comments | Error: SQLITE_ERROR: no such table: following 
4.2.2023, 19:46:44 - ERROR - cannot find comments | Error: SQLITE_ERROR: no such table: following 
4.2.2023, 19:46:44 - ERROR - cannot find comments | Error: SQLITE_ERROR: no such table: following 
4.2.2023, 19:46:44 - ERROR - Failed to get comments | Error: SQLITE_ERROR: no such table: following 
4.2.2023, 19:46:44 - ERROR - cannot find comments | Error: SQLITE_ERROR: no such table: following 
4.2.2023, 19:46:44 - ERROR - Failed to get comments | Error: SQLITE_ERROR: no such table: following 
4.2.2023, 19:46:44 - ERROR - cannot find comments | Error: SQLITE_ERROR: no such table: following 
4.2.2023, 19:46:44 - ERROR - Failed to get comments | Error: SQLITE_ERROR: no such table: following 
4.2.2023, 19:46:44 - ERROR - cannot find comments | Error: SQLITE_ERROR: no such table: following 
4.2.2023, 19:46:44 - ERROR - Failed to get comments | Error: SQLITE_ERROR: no such table: following 
4.2.2023, 19:46:44 - ERROR - cannot find comments | Error: SQLITE_ERROR: no such table: following 
4.2.2023, 19:46:44 - ERROR - Failed to get comments | Error: SQLITE_ERROR: no such table: following 
4.2.2023, 19:46:44 - ERROR - cannot find comments | Error: SQLITE_ERROR: no such table: following 
4.2.2023, 19:46:44 - ERROR - Failed to get comments | Error: SQLITE_ERROR: no such table: following 
4.2.2023, 19:46:44 - ERROR - cannot find comments | Error: SQLITE_ERROR: no such table: following 
4.2.2023, 19:46:44 - ERROR - Failed to get comments | Error: SQLITE_ERROR: no such table: following 
4.2.2023, 19:46:44 - ERROR - cannot find comments | Error: SQLITE_ERROR: no such table: following 
4.2.2023, 19:46:44 - ERROR - Failed to get comments | Error: SQLITE_ERROR: no such table: following 
4.2.2023, 19:46:44 - ERROR - cannot find comments | Error: SQLITE_ERROR: no such table: following 
4.2.2023, 19:46:44 - ERROR - Failed to get comments | Error: SQLITE_ERROR: no such table: following 
4.2.2023, 19:46:44 - ERROR - cannot find comments | Error: SQLITE_ERROR: no such table: following 
4.2.2023, 19:46:44 - ERROR - Failed to get comments | Error: SQLITE_ERROR: no such table: following 
4.2.2023, 19:46:44 - ERROR - cannot find comments | Error: SQLITE_ERROR: no such table: following 
4.2.2023, 19:46:44 - ERROR - Failed to get comments | Error: SQLITE_ERROR: no such table: following 
4.2.2023, 19:46:44 - ERROR - cannot find comments | Error: SQLITE_ERROR: no such table: following 
4.2.2023, 19:46:44 - ERROR - Failed to get comments | Error: SQLITE_ERROR: no such table: following 
4.2.2023, 19:46:44 - ERROR - cannot find comments | Error: SQLITE_ERROR: no such table: following 
4.2.2023, 19:46:44 - ERROR - Failed to get comments | Error: SQLITE_ERROR: no such table: following 
4.2.2023, 19:46:44 - ERROR - Failed to get comments | Error: SQLITE_ERROR: no such table: following 
4.2.2023, 19:46:44 - ERROR - cannot find comments | Error: SQLITE_ERROR: no such table: following 
4.2.2023, 19:46:45 - ERROR - cannot find comments | Error: SQLITE_ERROR: no such table: following 
4.2.2023, 19:46:45 - ERROR - Failed to get comments | Error: SQLITE_ERROR: no such table: following 
4.2.2023, 19:46:45 - ERROR - Failed to get comments | Error: SQLITE_ERROR: no such table: following 
4.2.2023, 19:46:45 - ERROR - cannot find comments | Error: SQLITE_ERROR: no such table: following 
4.2.2023, 19:46:45 - ERROR - cannot find comments | Error: SQLITE_ERROR: no such table: following 
4.2.2023, 19:46:45 - ERROR - Failed to get comments | Error: SQLITE_ERROR: no such table: following 
4.2.2023, 19:46:45 - ERROR - cannot find comments | Error: SQLITE_ERROR: no such table: following 
4.2.2023, 19:46:45 - ERROR - Failed to get comments | Error: SQLITE_ERROR: no such table: following 
4.2.2023, 19:46:45 - ERROR - cannot find comments | Error: SQLITE_ERROR: no such table: following 
4.2.2023, 19:46:45 - ERROR - Failed to get comments | Error: SQLITE_ERROR: no such table: following 
4.2.2023, 19:46:45 - ERROR - cannot find comments | Error: SQLITE_ERROR: no such table: following 
4.2.2023, 19:46:45 - ERROR - Failed to get comments | Error: SQLITE_ERROR: no such table: following 
4.2.2023, 19:46:45 - ERROR - cannot find comments | Error: SQLITE_ERROR: no such table: following 
4.2.2023, 19:46:45 - ERROR - Failed to get comments | Error: SQLITE_ERROR: no such table: following 
4.2.2023, 19:46:45 - ERROR - cannot find comments | Error: SQLITE_ERROR: no such table: following 
4.2.2023, 19:46:45 - ERROR - Failed to get comments | Error: SQLITE_ERROR: no such table: following 
4.2.2023, 19:46:45 - ERROR - cannot find comments | Error: SQLITE_ERROR: no such table: following 
4.2.2023, 19:46:45 - ERROR - Failed to get comments | Error: SQLITE_ERROR: no such table: following 
4.2.2023, 19:46:45 - ERROR - cannot find comments | Error: SQLITE_ERROR: no such table: following 
4.2.2023, 19:46:45 - ERROR - Failed to get comments | Error: SQLITE_ERROR: no such table: following 
4.2.2023, 19:46:45 - ERROR - cannot find comments | Error: SQLITE_ERROR: no such table: following 
4.2.2023, 19:46:45 - ERROR - Failed to get comments | Error: SQLITE_ERROR: no such table: following 
4.2.2023, 19:46:45 - ERROR - cannot find comments | Error: SQLITE_ERROR: no such table: following 
4.2.2023, 19:46:45 - ERROR - Failed to get comments | Error: SQLITE_ERROR: no such table: following 
4.2.2023, 19:46:45 - ERROR - cannot find stories | Failed to commit transaction: Error: SQLITE_ERROR: no such table: following 
4.2.2023, 19:46:45 - ERROR - Failed to get stories | Failed to commit transaction: Error: SQLITE_ERROR: no such table: following 
4.2.2023, 19:46:45 - ERROR - cannot find comments | Error: SQLITE_ERROR: no such table: following 
4.2.2023, 19:46:45 - ERROR - Failed to get comments | Error: SQLITE_ERROR: no such table: following 
4.2.2023, 19:46:45 - ERROR - cannot find comments | Error: SQLITE_ERROR: no such table: following 
4.2.2023, 19:46:45 - ERROR - Failed to get comments | Error: SQLITE_ERROR: no such table: following 
4.2.2023, 19:46:45 - ERROR - cannot find comments | Error: SQLITE_ERROR: no such table: following 
4.2.2023, 19:46:45 - ERROR - Failed to get comments | Error: SQLITE_ERROR: no such table: following 
4.2.2023, 19:46:45 - ERROR - cannot find comments | Error: SQLITE_ERROR: no such table: following 
4.2.2023, 19:46:45 - ERROR - Failed to get comments | Error: SQLITE_ERROR: no such table: following 
4.2.2023, 19:46:45 - ERROR - cannot find comments | Error: SQLITE_ERROR: no such table: following 
4.2.2023, 19:46:45 - ERROR - Failed to get comments | Error: SQLITE_ERROR: no such table: following 
4.2.2023, 19:46:45 - ERROR - cannot find comments | Error: SQLITE_ERROR: no such table: following 
4.2.2023, 19:46:45 - ERROR - Failed to get comments | Error: SQLITE_ERROR: no such table: following 
4.2.2023, 19:46:45 - ERROR - cannot find comments | Error: SQLITE_ERROR: no such table: following 
4.2.2023, 19:46:45 - ERROR - Failed to get comments | Error: SQLITE_ERROR: no such table: following 
4.2.2023, 19:46:46 - ERROR - cannot find stories | Failed to commit transaction: Error: SQLITE_ERROR: no such table: following 
4.2.2023, 19:46:46 - ERROR - Failed to get stories | Failed to commit transaction: Error: SQLITE_ERROR: no such table: following 
4.2.2023, 19:46:46 - ERROR - cannot find comments | Error: SQLITE_ERROR: no such table: following 
4.2.2023, 19:46:46 - ERROR - Failed to get comments | Error: SQLITE_ERROR: no such table: following 
4.2.2023, 19:46:46 - ERROR - cannot find comments | Error: SQLITE_ERROR: no such table: following 
4.2.2023, 19:46:46 - ERROR - Failed to get comments | Error: SQLITE_ERROR: no such table: following 
4.2.2023, 19:46:47 - ERROR - cannot find comments | Error: SQLITE_ERROR: no such table: following 
4.2.2023, 19:46:47 - ERROR - Failed to get comments | Error: SQLITE_ERROR: no such table: following 
4.2.2023, 19:46:47 - ERROR - cannot find comments | Error: SQLITE_ERROR: no such table: following 
4.2.2023, 19:46:47 - ERROR - Failed to get comments | Error: SQLITE_ERROR: no such table: following 
4.2.2023, 19:46:47 - ERROR - cannot find comments | Error: SQLITE_ERROR: no such table: following 
4.2.2023, 19:46:47 - ERROR - Failed to get comments | Error: SQLITE_ERROR: no such table: following 
4.2.2023, 19:46:47 - ERROR - cannot find comments | Error: SQLITE_ERROR: no such table: following 
4.2.2023, 19:46:47 - ERROR - Failed to get comments | Error: SQLITE_ERROR: no such table: following 
4.2.2023, 19:46:47 - ERROR - cannot find comments | Error: SQLITE_ERROR: no such table: following 
4.2.2023, 19:46:47 - ERROR - Failed to get comments | Error: SQLITE_ERROR: no such table: following 
4.2.2023, 19:46:47 - ERROR - cannot find comments | Error: SQLITE_ERROR: no such table: following 
4.2.2023, 19:46:47 - ERROR - Failed to get comments | Error: SQLITE_ERROR: no such table: following 
4.2.2023, 19:46:47 - ERROR - cannot find comments | Error: SQLITE_ERROR: no such table: following 
4.2.2023, 19:46:47 - ERROR - Failed to get comments | Error: SQLITE_ERROR: no such table: following 
4.2.2023, 19:46:47 - ERROR - cannot find comments | Error: SQLITE_ERROR: no such table: following 
4.2.2023, 19:46:47 - ERROR - Failed to get comments | Error: SQLITE_ERROR: no such table: following 
4.2.2023, 19:46:47 - ERROR - cannot find comments | Error: SQLITE_ERROR: no such table: following 
4.2.2023, 19:46:47 - ERROR - Failed to get comments | Error: SQLITE_ERROR: no such table: following 
4.2.2023, 19:46:47 - ERROR - cannot find comments | Error: SQLITE_ERROR: no such table: following 
4.2.2023, 19:46:47 - ERROR - Failed to get comments | Error: SQLITE_ERROR: no such table: following 
4.2.2023, 19:46:47 - ERROR - cannot find comments | Error: SQLITE_ERROR: no such table: following 
4.2.2023, 19:46:47 - ERROR - Failed to get comments | Error: SQLITE_ERROR: no such table: following 
4.2.2023, 19:46:47 - ERROR - cannot find comments | Error: SQLITE_ERROR: no such table: following 
4.2.2023, 19:46:47 - ERROR - Failed to get comments | Error: SQLITE_ERROR: no such table: following 
4.2.2023, 19:46:47 - ERROR - cannot find comments | Error: SQLITE_ERROR: no such table: following 
4.2.2023, 19:46:47 - ERROR - Failed to get comments | Error: SQLITE_ERROR: no such table: following 
4.2.2023, 19:46:47 - ERROR - cannot find comments | Error: SQLITE_ERROR: no such table: following 
4.2.2023, 19:46:47 - ERROR - Failed to get comments | Error: SQLITE_ERROR: no such table: following 
4.2.2023, 19:46:47 - ERROR - cannot find comments | Error: SQLITE_ERROR: no such table: following 
4.2.2023, 19:46:47 - ERROR - Failed to get comments | Error: SQLITE_ERROR: no such table: following 
4.2.2023, 19:46:47 - ERROR - cannot find comments | Error: SQLITE_ERROR: no such table: following 
4.2.2023, 19:46:47 - ERROR - Failed to get comments | Error: SQLITE_ERROR: no such table: following 
4.2.2023, 19:46:47 - ERROR - cannot find comments | Error: SQLITE_ERROR: no such table: following 
4.2.2023, 19:46:47 - ERROR - Failed to get comments | Error: SQLITE_ERROR: no such table: following 
4.2.2023, 19:46:47 - ERROR - cannot find comments | Error: SQLITE_ERROR: no such table: following 
4.2.2023, 19:46:47 - ERROR - Failed to get comments | Error: SQLITE_ERROR: no such table: following 
4.2.2023, 19:46:47 - ERROR - cannot find comments | Error: SQLITE_ERROR: no such table: following 
4.2.2023, 19:46:47 - ERROR - Failed to get comments | Error: SQLITE_ERROR: no such table: following 
4.2.2023, 19:46:47 - ERROR - cannot find comments | Error: SQLITE_ERROR: no such table: following 
4.2.2023, 19:46:47 - ERROR - Failed to get comments | Error: SQLITE_ERROR: no such table: following 
4.2.2023, 19:46:47 - ERROR - cannot find comments | Error: SQLITE_ERROR: no such table: following 
4.2.2023, 19:46:47 - ERROR - Failed to get comments | Error: SQLITE_ERROR: no such table: following 
4.2.2023, 19:46:47 - ERROR - Failed to get comments | Error: SQLITE_ERROR: no such table: following 
4.2.2023, 19:46:47 - ERROR - cannot find comments | Error: SQLITE_ERROR: no such table: following 
4.2.2023, 19:46:48 - ERROR - cannot find comments | Error: SQLITE_ERROR: no such table: following 
4.2.2023, 19:46:48 - ERROR - Failed to get comments | Error: SQLITE_ERROR: no such table: following 
4.2.2023, 19:46:48 - ERROR - Failed to get comments | Error: SQLITE_ERROR: no such table: following 
4.2.2023, 19:46:48 - ERROR - cannot find comments | Error: SQLITE_ERROR: no such table: following 
4.2.2023, 19:46:48 - ERROR - cannot find comments | Error: SQLITE_ERROR: no such table: following 
4.2.2023, 19:46:48 - ERROR - Failed to get comments | Error: SQLITE_ERROR: no such table: following 
4.2.2023, 19:46:48 - ERROR - cannot find comments | Error: SQLITE_ERROR: no such table: following 
4.2.2023, 19:46:48 - ERROR - Failed to get comments | Error: SQLITE_ERROR: no such table: following 
4.2.2023, 19:46:48 - ERROR - cannot find comments | Error: SQLITE_ERROR: no such table: following 
4.2.2023, 19:46:48 - ERROR - Failed to get comments | Error: SQLITE_ERROR: no such table: following 
4.2.2023, 19:46:48 - ERROR - cannot find comments | Error: SQLITE_ERROR: no such table: following 
4.2.2023, 19:46:48 - ERROR - Failed to get comments | Error: SQLITE_ERROR: no such table: following 
4.2.2023, 19:46:48 - ERROR - cannot find comments | Error: SQLITE_ERROR: no such table: following 
4.2.2023, 19:46:48 - ERROR - Failed to get comments | Error: SQLITE_ERROR: no such table: following 
4.2.2023, 19:46:48 - ERROR - cannot find comments | Error: SQLITE_ERROR: no such table: following 
4.2.2023, 19:46:48 - ERROR - Failed to get comments | Error: SQLITE_ERROR: no such table: following 
4.2.2023, 19:46:48 - ERROR - cannot find comments | Error: SQLITE_ERROR: no such table: following 
4.2.2023, 19:46:48 - ERROR - Failed to get comments | Error: SQLITE_ERROR: no such table: following 
4.2.2023, 19:46:48 - ERROR - cannot find comments | Error: SQLITE_ERROR: no such table: following 
4.2.2023, 19:46:48 - ERROR - Failed to get comments | Error: SQLITE_ERROR: no such table: following 
4.2.2023, 19:46:48 - ERROR - cannot find comments | Error: SQLITE_ERROR: no such table: following 
4.2.2023, 19:46:48 - ERROR - Failed to get comments | Error: SQLITE_ERROR: no such table: following 
4.2.2023, 19:46:48 - ERROR - cannot find comments | Error: SQLITE_ERROR: no such table: following 
4.2.2023, 19:46:48 - ERROR - Failed to get comments | Error: SQLITE_ERROR: no such table: following 
4.2.2023, 19:46:48 - ERROR - cannot find comments | Error: SQLITE_ERROR: no such table: following 
4.2.2023, 19:46:48 - ERROR - Failed to get comments | Error: SQLITE_ERROR: no such table: following 
4.2.2023, 19:46:48 - ERROR - cannot find comments | Error: SQLITE_ERROR: no such table: following 
4.2.2023, 19:46:48 - ERROR - Failed to get comments | Error: SQLITE_ERROR: no such table: following 
4.2.2023, 19:46:48 - ERROR - cannot find comments | Error: SQLITE_ERROR: no such table: following 
4.2.2023, 19:46:48 - ERROR - Failed to get comments | Error: SQLITE_ERROR: no such table: following 
4.2.2023, 19:46:48 - ERROR - cannot find comments | Error: SQLITE_ERROR: no such table: following 
4.2.2023, 19:46:48 - ERROR - Failed to get comments | Error: SQLITE_ERROR: no such table: following 
4.2.2023, 19:46:48 - ERROR - cannot find comments | Error: SQLITE_ERROR: no such table: following 
4.2.2023, 19:46:48 - ERROR - Failed to get comments | Error: SQLITE_ERROR: no such table: following 
4.2.2023, 19:46:48 - ERROR - cannot find comments | Error: SQLITE_ERROR: no such table: following 
4.2.2023, 19:46:48 - ERROR - Failed to get comments | Error: SQLITE_ERROR: no such table: following 
4.2.2023, 19:46:48 - ERROR - cannot find comments | Error: SQLITE_ERROR: no such table: following 
4.2.2023, 19:46:48 - ERROR - Failed to get comments | Error: SQLITE_ERROR: no such table: following 
4.2.2023, 19:46:48 - ERROR - cannot find comments | Error: SQLITE_ERROR: no such table: following 
4.2.2023, 19:46:48 - ERROR - Failed to get comments | Error: SQLITE_ERROR: no such table: following 
4.2.2023, 19:46:48 - ERROR - cannot find comments | Error: SQLITE_ERROR: no such table: following 
4.2.2023, 19:46:48 - ERROR - Failed to get comments | Error: SQLITE_ERROR: no such table: following 
4.2.2023, 19:46:48 - ERROR - cannot find comments | Error: SQLITE_ERROR: no such table: following 
4.2.2023, 19:46:48 - ERROR - Failed to get comments | Error: SQLITE_ERROR: no such table: following 
4.2.2023, 19:46:48 - ERROR - cannot find comments | Error: SQLITE_ERROR: no such table: following 
4.2.2023, 19:46:48 - ERROR - Failed to get comments | Error: SQLITE_ERROR: no such table: following 
4.2.2023, 19:46:48 - ERROR - cannot find comments | Error: SQLITE_ERROR: no such table: following 
4.2.2023, 19:46:48 - ERROR - Failed to get comments | Error: SQLITE_ERROR: no such table: following 
4.2.2023, 19:48:09 - INFO - Server is running on port: 3030 
4.2.2023, 19:48:10 - INFO - New connected socket [id: rYjNNDuNAzHBVHapAAAB] 
4.2.2023, 19:48:10 - INFO - Socket disconnected [id: undefined] 
4.2.2023, 19:48:15 - INFO - New connected socket [id: LMlOOXc9kWNPEQueAAAD] 
4.2.2023, 19:48:16 - ERROR - cannot find stories | Failed to commit transaction: Error: SQLITE_ERROR: no such table: following 
4.2.2023, 19:48:16 - ERROR - Failed to get stories | Failed to commit transaction: Error: SQLITE_ERROR: no such table: following 
4.2.2023, 19:48:16 - ERROR - Failed to get comments | Error: SQLITE_ERROR: no such column: id 
4.2.2023, 19:48:16 - ERROR - cannot find comments | Error: SQLITE_ERROR: no such column: id 
4.2.2023, 19:48:16 - ERROR - cannot find comments | Error: SQLITE_ERROR: no such column: id 
4.2.2023, 19:48:16 - ERROR - Failed to get comments | Error: SQLITE_ERROR: no such column: id 
4.2.2023, 19:48:16 - ERROR - cannot find comments | Error: SQLITE_ERROR: no such column: id 
4.2.2023, 19:48:16 - ERROR - Failed to get comments | Error: SQLITE_ERROR: no such column: id 
4.2.2023, 19:48:16 - ERROR - cannot find comments | Error: SQLITE_ERROR: no such column: id 
4.2.2023, 19:48:16 - ERROR - Failed to get comments | Error: SQLITE_ERROR: no such column: id 
4.2.2023, 19:48:16 - ERROR - cannot find comments | Error: SQLITE_ERROR: no such column: id 
4.2.2023, 19:48:16 - ERROR - Failed to get comments | Error: SQLITE_ERROR: no such column: id 
4.2.2023, 19:48:16 - ERROR - cannot find comments | Error: SQLITE_ERROR: no such column: id 
4.2.2023, 19:48:16 - ERROR - Failed to get comments | Error: SQLITE_ERROR: no such column: id 
4.2.2023, 19:48:16 - ERROR - cannot find comments | Error: SQLITE_ERROR: no such column: id 
4.2.2023, 19:48:16 - ERROR - Failed to get comments | Error: SQLITE_ERROR: no such column: id 
4.2.2023, 19:48:16 - ERROR - cannot find comments | Error: SQLITE_ERROR: no such column: id 
4.2.2023, 19:48:16 - ERROR - Failed to get comments | Error: SQLITE_ERROR: no such column: id 
4.2.2023, 19:48:16 - ERROR - cannot find comments | Error: SQLITE_ERROR: no such column: id 
4.2.2023, 19:48:16 - ERROR - Failed to get comments | Error: SQLITE_ERROR: no such column: id 
4.2.2023, 19:48:16 - ERROR - cannot find comments | Error: SQLITE_ERROR: no such column: id 
4.2.2023, 19:48:16 - ERROR - Failed to get comments | Error: SQLITE_ERROR: no such column: id 
4.2.2023, 19:48:16 - ERROR - cannot find comments | Error: SQLITE_ERROR: no such column: id 
4.2.2023, 19:48:16 - ERROR - Failed to get comments | Error: SQLITE_ERROR: no such column: id 
4.2.2023, 19:48:16 - ERROR - cannot find comments | Error: SQLITE_ERROR: no such column: id 
4.2.2023, 19:48:16 - ERROR - Failed to get comments | Error: SQLITE_ERROR: no such column: id 
4.2.2023, 19:48:16 - ERROR - cannot find comments | Error: SQLITE_ERROR: no such column: id 
4.2.2023, 19:48:16 - ERROR - Failed to get comments | Error: SQLITE_ERROR: no such column: id 
4.2.2023, 19:48:16 - ERROR - cannot find comments | Error: SQLITE_ERROR: no such column: id 
4.2.2023, 19:48:16 - ERROR - Failed to get comments | Error: SQLITE_ERROR: no such column: id 
4.2.2023, 19:48:16 - ERROR - cannot find comments | Error: SQLITE_ERROR: no such column: id 
4.2.2023, 19:48:16 - ERROR - Failed to get comments | Error: SQLITE_ERROR: no such column: id 
4.2.2023, 19:48:16 - ERROR - Failed to get comments | Error: SQLITE_ERROR: no such column: id 
4.2.2023, 19:48:16 - ERROR - cannot find comments | Error: SQLITE_ERROR: no such column: id 
4.2.2023, 19:48:16 - ERROR - cannot find comments | Error: SQLITE_ERROR: no such column: id 
4.2.2023, 19:48:16 - ERROR - Failed to get comments | Error: SQLITE_ERROR: no such column: id 
4.2.2023, 19:48:16 - ERROR - cannot find comments | Error: SQLITE_ERROR: no such column: id 
4.2.2023, 19:48:16 - ERROR - Failed to get comments | Error: SQLITE_ERROR: no such column: id 
4.2.2023, 19:48:17 - ERROR - cannot find comments | Error: SQLITE_ERROR: no such column: id 
4.2.2023, 19:48:17 - ERROR - Failed to get comments | Error: SQLITE_ERROR: no such column: id 
4.2.2023, 19:48:17 - ERROR - cannot find comments | Error: SQLITE_ERROR: no such column: id 
4.2.2023, 19:48:17 - ERROR - Failed to get comments | Error: SQLITE_ERROR: no such column: id 
4.2.2023, 19:48:17 - ERROR - cannot find comments | Error: SQLITE_ERROR: no such column: id 
4.2.2023, 19:48:17 - ERROR - Failed to get comments | Error: SQLITE_ERROR: no such column: id 
4.2.2023, 19:48:17 - ERROR - Failed to get comments | Error: SQLITE_ERROR: no such column: id 
4.2.2023, 19:48:17 - ERROR - cannot find comments | Error: SQLITE_ERROR: no such column: id 
4.2.2023, 19:48:17 - ERROR - cannot find comments | Error: SQLITE_ERROR: no such column: id 
4.2.2023, 19:48:17 - ERROR - Failed to get comments | Error: SQLITE_ERROR: no such column: id 
4.2.2023, 19:48:17 - ERROR - cannot find comments | Error: SQLITE_ERROR: no such column: id 
4.2.2023, 19:48:17 - ERROR - Failed to get comments | Error: SQLITE_ERROR: no such column: id 
4.2.2023, 19:48:50 - INFO - Server is running on port: 3030 
4.2.2023, 19:48:50 - INFO - New connected socket [id: UFpTOTGprlk_Ut1EAAAB] 
4.2.2023, 19:48:53 - INFO - Socket disconnected [id: undefined] 
4.2.2023, 19:48:54 - INFO - New connected socket [id: DqZWOxU7fO_6_ADTAAAD] 
4.2.2023, 19:48:55 - ERROR - Failed to get stories | Failed to commit transaction: Error: SQLITE_ERROR: no such table: following 
4.2.2023, 19:48:55 - ERROR - cannot find stories | Failed to commit transaction: Error: SQLITE_ERROR: no such table: following 
4.2.2023, 19:49:29 - INFO - Server is running on port: 3030 
4.2.2023, 19:49:29 - INFO - New connected socket [id: 3e1ZIBytxpdp8MiVAAAB] 
4.2.2023, 19:49:30 - INFO - Socket disconnected [id: undefined] 
4.2.2023, 19:49:31 - INFO - New connected socket [id: kq9nvuQQvxzDkeiEAAAD] 
4.2.2023, 19:50:43 - INFO - Server is running on port: 3030 
4.2.2023, 19:50:43 - INFO - New connected socket [id: 3bkx_82W8Oo6Xy1BAAAB] 
4.2.2023, 19:50:47 - INFO - Socket disconnected [id: undefined] 
4.2.2023, 19:50:48 - INFO - New connected socket [id: FKmuowyQoXJWJJ6qAAAD] 
4.2.2023, 19:51:25 - INFO - Server is running on port: 3030 
4.2.2023, 19:51:26 - INFO - Server is running on port: 3030 
4.2.2023, 19:51:26 - INFO - New connected socket [id: CKjzRVbRNyj-uY4wAAAB] 
4.2.2023, 19:51:29 - INFO - Socket disconnected [id: undefined] 
4.2.2023, 19:51:29 - INFO - New connected socket [id: BvV2zy_T0R_BM3QsAAAD] 
4.2.2023, 19:53:21 - INFO - Socket disconnected [id: undefined] 
4.2.2023, 19:53:26 - INFO - New connected socket [id: T1hI289D8DvEvmArAAAF] 
4.2.2023, 19:54:23 - INFO - Socket disconnected [id: undefined] 
4.2.2023, 19:54:24 - INFO - New connected socket [id: jEPdwv0l7Kbvj0lzAAAH] 
4.2.2023, 19:54:35 - INFO - Socket disconnected [id: undefined] 
4.2.2023, 19:54:36 - INFO - New connected socket [id: _XmmeSZR5XguSkeCAAAJ] 
4.2.2023, 20:00:35 - INFO - Removing socket.chatId for socket [id: _XmmeSZR5XguSkeCAAAJ] 
4.2.2023, 20:00:35 - INFO - Setting socket.chatId = 3 for socket [id: _XmmeSZR5XguSkeCAAAJ] 
4.2.2023, 20:00:35 - INFO - Setting socket.chatId = 3 for socket [id: _XmmeSZR5XguSkeCAAAJ] 
4.2.2023, 20:00:35 - INFO - Removing socket.chatId for socket [id: _XmmeSZR5XguSkeCAAAJ] 
4.2.2023, 20:00:35 - INFO - Setting socket.chatId = 3 for socket [id: _XmmeSZR5XguSkeCAAAJ] 
4.2.2023, 20:00:35 - INFO - Setting socket.chatId = 3 for socket [id: _XmmeSZR5XguSkeCAAAJ] 
4.2.2023, 20:00:38 - INFO - Emiting event: chat msg-added to chat 3 for socket [id: _XmmeSZR5XguSkeCAAAJ] 
4.2.2023, 20:00:41 - INFO - Removing socket.chatId for socket [id: _XmmeSZR5XguSkeCAAAJ] 
4.2.2023, 20:00:41 - INFO - Removing socket.chatId for socket [id: _XmmeSZR5XguSkeCAAAJ] 
4.2.2023, 20:04:12 - INFO - Socket disconnected [id: undefined] 
4.2.2023, 20:04:14 - INFO - New connected socket [id: fZg8TSLlAm3KIeA1AAAL] 
4.2.2023, 20:04:53 - INFO - Socket disconnected [id: undefined] 
4.2.2023, 20:04:54 - INFO - New connected socket [id: zb4Ml3YwpzkWzOwzAAAN] 
4.2.2023, 20:05:05 - INFO - Socket disconnected [id: undefined] 
4.2.2023, 20:05:06 - INFO - New connected socket [id: T4es0tO1y10x0CEMAAAP] 
4.2.2023, 20:06:09 - INFO - Socket disconnected [id: undefined] 
4.2.2023, 20:06:10 - INFO - New connected socket [id: BaCsDvoJrOtsaE-6AAAR] 
4.2.2023, 20:06:16 - INFO - Socket disconnected [id: undefined] 
4.2.2023, 20:06:16 - INFO - New connected socket [id: xhBil-QDRJaUKitbAAAT] 
4.2.2023, 20:06:35 - INFO - Socket disconnected [id: undefined] 
4.2.2023, 20:06:36 - INFO - New connected socket [id: xxESfSG5vfWAaYZMAAAV] 
4.2.2023, 20:06:42 - INFO - Socket disconnected [id: undefined] 
4.2.2023, 20:06:43 - INFO - New connected socket [id: 4_fYuu3WHEBiQeL6AAAX] 
4.2.2023, 20:07:52 - INFO - Socket disconnected [id: undefined] 
4.2.2023, 20:07:53 - INFO - New connected socket [id: T2GPe5DQBQ8Y6N2OAAAZ] 
4.2.2023, 20:08:11 - INFO - Socket disconnected [id: undefined] 
4.2.2023, 20:08:12 - INFO - New connected socket [id: ldPpaOPKZK66IqNuAAAb] 
4.2.2023, 20:09:43 - INFO - Socket disconnected [id: undefined] 
4.2.2023, 20:09:44 - INFO - New connected socket [id: uoVtlvWJPYGMuapPAAAd] 
